baretim-mavi-admob/app/build/intermediates/manifest_merge_blame_file/release/manifest-merger-blame-release-report.txt
1<?xml version="1.0" encoding="utf-8"?>
2<manifest xmlns:android="http://schemas.android.com/apk/res/android"
3    package="com.bluechip.finance"
4    android:versionCode="118"
5    android:versionName="2.65" >
6
7    <uses-sdk
8        android:minSdkVersion="24"
9        android:targetSdkVersion="35" />
10
11    <uses-permission android:name="android.permission.INTERNET" />
11-->src/main/AndroidManifest.xml:4:5-67
11-->src/main/AndroidManifest.xml:4:22-64
12    <uses-permission android:name="android.permission.POST_NOTIFICATIONS" />
12-->src/main/AndroidManifest.xml:5:5-77
12-->src/main/AndroidManifest.xml:5:22-74
13    <uses-permission android:name="android.permission.RECEIVE_BOOT_COMPLETED" />
13-->src/main/AndroidManifest.xml:6:5-81
13-->src/main/AndroidManifest.xml:6:22-78
14    <uses-permission android:name="android.permission.SCHEDULE_EXACT_ALARM" />
14-->src/main/AndroidManifest.xml:7:5-79
14-->src/main/AndroidManifest.xml:7:22-76
15    <uses-permission android:name="com.android.vending.BILLING" />
15-->src/main/AndroidManifest.xml:8:5-67
15-->src/main/AndroidManifest.xml:8:22-64
16    <uses-permission android:name="android.permission.ACCESS_NETWORK_STATE" />
16-->src/main/AndroidManifest.xml:9:5-79
16-->src/main/AndroidManifest.xml:9:22-76
17
18    <queries>
18-->[com.unity3d.ads:unity-ads:4.16.6] AndroidManifest.xml:8:5-12:15
19        <intent>
19-->[com.unity3d.ads:unity-ads:4.16.6] AndroidManifest.xml:9:9-11:18
20            <action android:name="com.attribution.REFERRAL_PROVIDER" />
20-->[com.unity3d.ads:unity-ads:4.16.6] AndroidManifest.xml:10:13-72
20-->[com.unity3d.ads:unity-ads:4.16.6] AndroidManifest.xml:10:21-69
21        </intent>
22        <intent>
22-->[com.android.billingclient:billing:7.0.0] AndroidManifest.xml:13:9-15:18
23            <action android:name="com.android.vending.billing.InAppBillingService.BIND" />
23-->[com.android.billingclient:billing:7.0.0] AndroidManifest.xml:14:13-91
23-->[com.android.billingclient:billing:7.0.0] AndroidManifest.xml:14:21-88
24        </intent>
25    </queries>
26
27    <uses-permission android:name="com.google.android.gms.permission.AD_ID" />
27-->[com.unity3d.ads:unity-ads:4.16.6] AndroidManifest.xml:16:5-79
27-->[com.unity3d.ads:unity-ads:4.16.6] AndroidManifest.xml:16:22-76
28    <uses-permission android:name="android.permission.ACCESS_ADSERVICES_TOPICS" />
28-->[com.unity3d.ads:unity-ads:4.16.6] AndroidManifest.xml:17:5-83
28-->[com.unity3d.ads:unity-ads:4.16.6] AndroidManifest.xml:17:22-80
29    <uses-permission android:name="android.permission.ACCESS_ADSERVICES_ATTRIBUTION" />
29-->[com.unity3d.ads:unity-ads:4.16.6] AndroidManifest.xml:18:5-88
29-->[com.unity3d.ads:unity-ads:4.16.6] AndroidManifest.xml:18:22-85
30    <uses-permission android:name="android.permission.WAKE_LOCK" />
30-->[com.google.android.gms:play-services-measurement-api:22.0.0] AndroidManifest.xml:24:5-68
30-->[com.google.android.gms:play-services-measurement-api:22.0.0] AndroidManifest.xml:24:22-65
31    <uses-permission android:name="android.permission.ACCESS_ADSERVICES_AD_ID" />
31-->[com.google.android.gms:play-services-measurement-api:22.0.0] AndroidManifest.xml:27:5-82
31-->[com.google.android.gms:play-services-measurement-api:22.0.0] AndroidManifest.xml:27:22-79
32    <uses-permission android:name="android.permission.FOREGROUND_SERVICE" />
32-->[androidx.work:work-runtime:2.9.0] AndroidManifest.xml:26:5-77
32-->[androidx.work:work-runtime:2.9.0] AndroidManifest.xml:26:22-74
33    <uses-permission android:name="com.google.android.finsky.permission.BIND_GET_INSTALL_REFERRER_SERVICE" />
33-->[com.google.android.gms:play-services-measurement:22.0.0] AndroidManifest.xml:26:5-110
33-->[com.google.android.gms:play-services-measurement:22.0.0] AndroidManifest.xml:26:22-107
34
35    <permission
35-->[androidx.core:core:1.12.0] AndroidManifest.xml:22:5-24:47
36        android:name="com.bluechip.finance.DYNAMIC_RECEIVER_NOT_EXPORTED_PERMISSION"
36-->[androidx.core:core:1.12.0] AndroidManifest.xml:23:9-81
37        android:protectionLevel="signature" />
37-->[androidx.core:core:1.12.0] AndroidManifest.xml:24:9-44
38
39    <uses-permission android:name="com.bluechip.finance.DYNAMIC_RECEIVER_NOT_EXPORTED_PERMISSION" />
39-->[androidx.core:core:1.12.0] AndroidManifest.xml:26:5-97
39-->[androidx.core:core:1.12.0] AndroidManifest.xml:26:22-94
40
41    <application
41-->src/main/AndroidManifest.xml:11:5-64:19
42        android:name="com.bluechip.finance.MyApp"
42-->src/main/AndroidManifest.xml:11:18-39
43        android:appComponentFactory="androidx.core.app.CoreComponentFactory"
43-->[androidx.core:core:1.12.0] AndroidManifest.xml:28:18-86
44        android:extractNativeLibs="false"
45        android:hardwareAccelerated="true"
45-->src/main/AndroidManifest.xml:12:9-43
46        android:icon="@mipmap/ic_launcher"
46-->src/main/AndroidManifest.xml:13:9-43
47        android:label="@string/app_name"
47-->src/main/AndroidManifest.xml:15:9-41
48        android:roundIcon="@mipmap/ic_launcher_round"
48-->src/main/AndroidManifest.xml:14:9-54
49        android:theme="@style/AppTheme"
49-->src/main/AndroidManifest.xml:16:9-40
50        android:usesCleartextTraffic="true" >
50-->src/main/AndroidManifest.xml:17:9-44
51        <meta-data
51-->src/main/AndroidManifest.xml:18:9-20:69
52            android:name="com.google.android.gms.ads.APPLICATION_ID"
52-->src/main/AndroidManifest.xml:19:13-69
53            android:value="ca-app-pub-7820582813827252~4806476528" />
53-->src/main/AndroidManifest.xml:20:13-67
54
55        <activity
55-->src/main/AndroidManifest.xml:22:9-29:20
56            android:name="com.bluechip.finance.MainActivity"
56-->src/main/AndroidManifest.xml:23:13-41
57            android:exported="true" >
57-->src/main/AndroidManifest.xml:24:13-36
58            <intent-filter>
58-->src/main/AndroidManifest.xml:25:13-28:29
59                <action android:name="android.intent.action.MAIN" />
59-->src/main/AndroidManifest.xml:26:17-69
59-->src/main/AndroidManifest.xml:26:25-66
60
61                <category android:name="android.intent.category.LAUNCHER" />
61-->src/main/AndroidManifest.xml:27:17-77
61-->src/main/AndroidManifest.xml:27:27-74
62            </intent-filter>
63        </activity>
64
65        <provider
66            android:name="androidx.core.content.FileProvider"
66-->src/main/AndroidManifest.xml:32:13-62
67            android:authorities="com.bluechip.finance.fileprovider"
67-->src/main/AndroidManifest.xml:33:13-64
68            android:exported="false"
68-->src/main/AndroidManifest.xml:34:13-37
69            android:grantUriPermissions="true" >
69-->src/main/AndroidManifest.xml:35:13-47
70            <meta-data
70-->src/main/AndroidManifest.xml:36:13-38:54
71                android:name="android.support.FILE_PROVIDER_PATHS"
71-->src/main/AndroidManifest.xml:37:17-67
72                android:resource="@xml/file_paths" />
72-->src/main/AndroidManifest.xml:38:17-51
73        </provider>
74
75        <!-- App Widget -->
76        <receiver
76-->src/main/AndroidManifest.xml:42:9-52:20
77            android:name="com.bluechip.finance.ui.widget.BaretimWidget"
77-->src/main/AndroidManifest.xml:43:13-52
78            android:exported="true"
78-->src/main/AndroidManifest.xml:44:13-36
79            android:label="Baretim Mavi" >
79-->src/main/AndroidManifest.xml:45:13-41
80            <intent-filter>
80-->src/main/AndroidManifest.xml:46:13-48:29
81                <action android:name="android.appwidget.action.APPWIDGET_UPDATE" />
81-->src/main/AndroidManifest.xml:47:17-83
81-->src/main/AndroidManifest.xml:47:25-81
82            </intent-filter>
83
84            <meta-data
84-->src/main/AndroidManifest.xml:49:13-51:54
85                android:name="android.appwidget.provider"
85-->src/main/AndroidManifest.xml:50:17-58
86                android:resource="@xml/widget_info" />
86-->src/main/AndroidManifest.xml:51:17-52
87        </receiver>
88        <receiver
88-->src/main/AndroidManifest.xml:55:9-62:20
89            android:name="com.bluechip.finance.NotificationReceiver"
89-->src/main/AndroidManifest.xml:56:13-49
90            android:exported="true" >
90-->src/main/AndroidManifest.xml:57:13-36
91            <intent-filter>
91-->src/main/AndroidManifest.xml:58:13-61:29
92                <action android:name="android.intent.action.BOOT_COMPLETED" />
92-->src/main/AndroidManifest.xml:59:17-78
92-->src/main/AndroidManifest.xml:59:25-76
93                <action android:name="android.intent.action.QUICKBOOT_POWERON" />
93-->src/main/AndroidManifest.xml:60:17-81
93-->src/main/AndroidManifest.xml:60:25-79
94            </intent-filter>
95        </receiver>
96
97        <activity
97-->[com.unity3d.ads:unity-ads:4.16.6] AndroidManifest.xml:21:9-27:74
98            android:name="com.unity3d.services.ads.adunit.AdUnitActivity"
98-->[com.unity3d.ads:unity-ads:4.16.6] AndroidManifest.xml:22:13-74
99            android:configChanges="fontScale|keyboard|keyboardHidden|locale|mnc|mcc|navigation|orientation|screenLayout|screenSize|smallestScreenSize|uiMode|touchscreen"
99-->[com.unity3d.ads:unity-ads:4.16.6] AndroidManifest.xml:23:13-170
100            android:enableOnBackInvokedCallback="false"
100-->[com.unity3d.ads:unity-ads:4.16.6] AndroidManifest.xml:24:13-56
101            android:exported="false"
101-->[com.unity3d.ads:unity-ads:4.16.6] AndroidManifest.xml:25:13-37
102            android:hardwareAccelerated="true"
102-->[com.unity3d.ads:unity-ads:4.16.6] AndroidManifest.xml:26:13-47
103            android:theme="@android:style/Theme.NoTitleBar.Fullscreen" />
103-->[com.unity3d.ads:unity-ads:4.16.6] AndroidManifest.xml:27:13-71
104        <activity
104-->[com.unity3d.ads:unity-ads:4.16.6] AndroidManifest.xml:28:9-34:86
105            android:name="com.unity3d.services.ads.adunit.AdUnitTransparentActivity"
105-->[com.unity3d.ads:unity-ads:4.16.6] AndroidManifest.xml:29:13-85
106            android:configChanges="fontScale|keyboard|keyboardHidden|locale|mnc|mcc|navigation|orientation|screenLayout|screenSize|smallestScreenSize|uiMode|touchscreen"
106-->[com.unity3d.ads:unity-ads:4.16.6] AndroidManifest.xml:30:13-170
107            android:enableOnBackInvokedCallback="false"
107-->[com.unity3d.ads:unity-ads:4.16.6] AndroidManifest.xml:31:13-56
108            android:exported="false"
108-->[com.unity3d.ads:unity-ads:4.16.6] AndroidManifest.xml:32:13-37
109            android:hardwareAccelerated="true"
109-->[com.unity3d.ads:unity-ads:4.16.6] AndroidManifest.xml:33:13-47
110            android:theme="@android:style/Theme.Translucent.NoTitleBar.Fullscreen" />
110-->[com.unity3d.ads:unity-ads:4.16.6] AndroidManifest.xml:34:13-83
111        <activity
111-->[com.unity3d.ads:unity-ads:4.16.6] AndroidManifest.xml:35:9-41:86
112            android:name="com.unity3d.services.ads.adunit.AdUnitTransparentSoftwareActivity"
112-->[com.unity3d.ads:unity-ads:4.16.6] AndroidManifest.xml:36:13-93
113            android:configChanges="fontScale|keyboard|keyboardHidden|locale|mnc|mcc|navigation|orientation|screenLayout|screenSize|smallestScreenSize|uiMode|touchscreen"
113-->[com.unity3d.ads:unity-ads:4.16.6] AndroidManifest.xml:37:13-170
114            android:enableOnBackInvokedCallback="false"
114-->[com.unity3d.ads:unity-ads:4.16.6] AndroidManifest.xml:38:13-56
115            android:exported="false"
115-->[com.unity3d.ads:unity-ads:4.16.6] AndroidManifest.xml:39:13-37
116            android:hardwareAccelerated="false"
116-->[com.unity3d.ads:unity-ads:4.16.6] AndroidManifest.xml:40:13-48
117            android:theme="@android:style/Theme.Translucent.NoTitleBar.Fullscreen" />
117-->[com.unity3d.ads:unity-ads:4.16.6] AndroidManifest.xml:41:13-83
118        <activity
118-->[com.unity3d.ads:unity-ads:4.16.6] AndroidManifest.xml:42:9-48:74
119            android:name="com.unity3d.services.ads.adunit.AdUnitSoftwareActivity"
119-->[com.unity3d.ads:unity-ads:4.16.6] AndroidManifest.xml:43:13-82
120            android:configChanges="fontScale|keyboard|keyboardHidden|locale|mnc|mcc|navigation|orientation|screenLayout|screenSize|smallestScreenSize|uiMode|touchscreen"
120-->[com.unity3d.ads:unity-ads:4.16.6] AndroidManifest.xml:44:13-170
121            android:enableOnBackInvokedCallback="false"
121-->[com.unity3d.ads:unity-ads:4.16.6] AndroidManifest.xml:45:13-56
122            android:exported="false"
122-->[com.unity3d.ads:unity-ads:4.16.6] AndroidManifest.xml:46:13-37
123            android:hardwareAccelerated="false"
123-->[com.unity3d.ads:unity-ads:4.16.6] AndroidManifest.xml:47:13-48
124            android:theme="@android:style/Theme.NoTitleBar.Fullscreen" />
124-->[com.unity3d.ads:unity-ads:4.16.6] AndroidManifest.xml:48:13-71
125        <activity
125-->[com.unity3d.ads:unity-ads:4.16.6] AndroidManifest.xml:49:9-55:74
126            android:name="com.unity3d.ads.adplayer.FullScreenWebViewDisplay"
126-->[com.unity3d.ads:unity-ads:4.16.6] AndroidManifest.xml:50:13-77
127            android:configChanges="fontScale|keyboard|keyboardHidden|locale|mnc|mcc|navigation|orientation|screenLayout|screenSize|smallestScreenSize|uiMode|touchscreen"
127-->[com.unity3d.ads:unity-ads:4.16.6] AndroidManifest.xml:51:13-170
128            android:enableOnBackInvokedCallback="false"
128-->[com.unity3d.ads:unity-ads:4.16.6] AndroidManifest.xml:52:13-56
129            android:exported="false"
129-->[com.unity3d.ads:unity-ads:4.16.6] AndroidManifest.xml:53:13-37
130            android:hardwareAccelerated="true"
130-->[com.unity3d.ads:unity-ads:4.16.6] AndroidManifest.xml:54:13-47
131            android:theme="@android:style/Theme.NoTitleBar.Fullscreen" />
131-->[com.unity3d.ads:unity-ads:4.16.6] AndroidManifest.xml:55:13-71
132
133        <provider
133-->[com.unity3d.ads:unity-ads:4.16.6] AndroidManifest.xml:57:9-67:20
134            android:name="androidx.startup.InitializationProvider"
134-->[com.unity3d.ads:unity-ads:4.16.6] AndroidManifest.xml:58:13-67
135            android:authorities="com.bluechip.finance.androidx-startup"
135-->[com.unity3d.ads:unity-ads:4.16.6] AndroidManifest.xml:59:13-68
136            android:exported="false" >
136-->[androidx.work:work-runtime:2.9.0] AndroidManifest.xml:32:13-37
137            <meta-data
137-->[com.unity3d.ads:unity-ads:4.16.6] AndroidManifest.xml:61:13-63:52
138                android:name="androidx.lifecycle.ProcessLifecycleInitializer"
138-->[com.unity3d.ads:unity-ads:4.16.6] AndroidManifest.xml:62:17-78
139                android:value="androidx.startup" />
139-->[com.unity3d.ads:unity-ads:4.16.6] AndroidManifest.xml:63:17-49
140            <meta-data
140-->[com.unity3d.ads:unity-ads:4.16.6] AndroidManifest.xml:64:13-66:52
141                android:name="com.unity3d.services.core.configuration.AdsSdkInitializer"
141-->[com.unity3d.ads:unity-ads:4.16.6] AndroidManifest.xml:65:17-89
142                android:value="androidx.startup" />
142-->[com.unity3d.ads:unity-ads:4.16.6] AndroidManifest.xml:66:17-49
143            <meta-data
143-->[androidx.work:work-runtime:2.9.0] AndroidManifest.xml:34:13-36:52
144                android:name="androidx.work.WorkManagerInitializer"
144-->[androidx.work:work-runtime:2.9.0] AndroidManifest.xml:35:17-68
145                android:value="androidx.startup" />
145-->[androidx.work:work-runtime:2.9.0] AndroidManifest.xml:36:17-49
146            <meta-data
146-->[androidx.emoji2:emoji2:1.3.0] AndroidManifest.xml:29:13-31:52
147                android:name="androidx.emoji2.text.EmojiCompatInitializer"
147-->[androidx.emoji2:emoji2:1.3.0] AndroidManifest.xml:30:17-75
148                android:value="androidx.startup" />
148-->[androidx.emoji2:emoji2:1.3.0] AndroidManifest.xml:31:17-49
149            <meta-data
149-->[androidx.profileinstaller:profileinstaller:1.3.1] AndroidManifest.xml:29:13-31:52
150                android:name="androidx.profileinstaller.ProfileInstallerInitializer"
150-->[androidx.profileinstaller:profileinstaller:1.3.1] AndroidManifest.xml:30:17-85
151                android:value="androidx.startup" />
151-->[androidx.profileinstaller:profileinstaller:1.3.1] AndroidManifest.xml:31:17-49
152        </provider>
153
154        <meta-data
154-->[com.android.billingclient:billing:7.0.0] AndroidManifest.xml:19:9-21:37
155            android:name="com.google.android.play.billingclient.version"
155-->[com.android.billingclient:billing:7.0.0] AndroidManifest.xml:20:13-73
156            android:value="7.0.0" />
156-->[com.android.billingclient:billing:7.0.0] AndroidManifest.xml:21:13-34
157
158        <activity
158-->[com.android.billingclient:billing:7.0.0] AndroidManifest.xml:23:9-27:75
159            android:name="com.android.billingclient.api.ProxyBillingActivity"
159-->[com.android.billingclient:billing:7.0.0] AndroidManifest.xml:24:13-78
160            android:configChanges="keyboard|keyboardHidden|screenLayout|screenSize|orientation"
160-->[com.android.billingclient:billing:7.0.0] AndroidManifest.xml:25:13-96
161            android:exported="false"
161-->[com.android.billingclient:billing:7.0.0] AndroidManifest.xml:26:13-37
162            android:theme="@android:style/Theme.Translucent.NoTitleBar" />
162-->[com.android.billingclient:billing:7.0.0] AndroidManifest.xml:27:13-72
163        <activity
163-->[com.android.billingclient:billing:7.0.0] AndroidManifest.xml:28:9-32:75
164            android:name="com.android.billingclient.api.ProxyBillingActivityV2"
164-->[com.android.billingclient:billing:7.0.0] AndroidManifest.xml:29:13-80
165            android:configChanges="keyboard|keyboardHidden|screenLayout|screenSize|orientation"
165-->[com.android.billingclient:billing:7.0.0] AndroidManifest.xml:30:13-96
166            android:exported="false"
166-->[com.android.billingclient:billing:7.0.0] AndroidManifest.xml:31:13-37
167            android:theme="@android:style/Theme.Translucent.NoTitleBar" />
167-->[com.android.billingclient:billing:7.0.0] AndroidManifest.xml:32:13-72
168
169        <service
169-->[com.google.firebase:firebase-config-ktx:22.0.0] AndroidManifest.xml:9:9-15:19
170            android:name="com.google.firebase.components.ComponentDiscoveryService"
170-->[com.google.firebase:firebase-config-ktx:22.0.0] AndroidManifest.xml:10:13-84
171            android:directBootAware="true"
171-->[com.google.firebase:firebase-common:21.0.0] AndroidManifest.xml:32:13-43
172            android:exported="false" >
172-->[com.google.firebase:firebase-config-ktx:22.0.0] AndroidManifest.xml:11:13-37
173            <meta-data
173-->[com.google.firebase:firebase-config-ktx:22.0.0] AndroidManifest.xml:12:13-14:85
174                android:name="com.google.firebase.components:com.google.firebase.remoteconfig.ktx.FirebaseConfigLegacyRegistrar"
174-->[com.google.firebase:firebase-config-ktx:22.0.0] AndroidManifest.xml:13:17-129
175                android:value="com.google.firebase.components.ComponentRegistrar" />
175-->[com.google.firebase:firebase-config-ktx:22.0.0] AndroidManifest.xml:14:17-82
176            <meta-data
176-->[com.google.firebase:firebase-config:22.0.0] AndroidManifest.xml:29:13-31:85
177                android:name="com.google.firebase.components:com.google.firebase.remoteconfig.FirebaseRemoteConfigKtxRegistrar"
177-->[com.google.firebase:firebase-config:22.0.0] AndroidManifest.xml:30:17-128
178                android:value="com.google.firebase.components.ComponentRegistrar" />
178-->[com.google.firebase:firebase-config:22.0.0] AndroidManifest.xml:31:17-82
179            <meta-data
179-->[com.google.firebase:firebase-config:22.0.0] AndroidManifest.xml:32:13-34:85
180                android:name="com.google.firebase.components:com.google.firebase.remoteconfig.RemoteConfigRegistrar"
180-->[com.google.firebase:firebase-config:22.0.0] AndroidManifest.xml:33:17-117
181                android:value="com.google.firebase.components.ComponentRegistrar" />
181-->[com.google.firebase:firebase-config:22.0.0] AndroidManifest.xml:34:17-82
182            <meta-data
182-->[com.google.firebase:firebase-abt:21.1.1] AndroidManifest.xml:12:13-14:85
183                android:name="com.google.firebase.components:com.google.firebase.abt.component.AbtRegistrar"
183-->[com.google.firebase:firebase-abt:21.1.1] AndroidManifest.xml:13:17-109
184                android:value="com.google.firebase.components.ComponentRegistrar" />
184-->[com.google.firebase:firebase-abt:21.1.1] AndroidManifest.xml:14:17-82
185            <meta-data
185-->[com.google.firebase:firebase-analytics-ktx:22.0.0] AndroidManifest.xml:11:13-13:85
186                android:name="com.google.firebase.components:com.google.firebase.analytics.ktx.FirebaseAnalyticsLegacyRegistrar"
186-->[com.google.firebase:firebase-analytics-ktx:22.0.0] AndroidManifest.xml:12:17-129
187                android:value="com.google.firebase.components.ComponentRegistrar" />
187-->[com.google.firebase:firebase-analytics-ktx:22.0.0] AndroidManifest.xml:13:17-82
188            <meta-data
188-->[com.google.android.gms:play-services-measurement-api:22.0.0] AndroidManifest.xml:37:13-39:85
189                android:name="com.google.firebase.components:com.google.firebase.analytics.connector.internal.AnalyticsConnectorRegistrar"
189-->[com.google.android.gms:play-services-measurement-api:22.0.0] AndroidManifest.xml:38:17-139
190                android:value="com.google.firebase.components.ComponentRegistrar" />
190-->[com.google.android.gms:play-services-measurement-api:22.0.0] AndroidManifest.xml:39:17-82
191            <meta-data
191-->[com.google.firebase:firebase-installations:18.0.0] AndroidManifest.xml:15:13-17:85
192                android:name="com.google.firebase.components:com.google.firebase.installations.FirebaseInstallationsKtxRegistrar"
192-->[com.google.firebase:firebase-installations:18.0.0] AndroidManifest.xml:16:17-130
193                android:value="com.google.firebase.components.ComponentRegistrar" />
193-->[com.google.firebase:firebase-installations:18.0.0] AndroidManifest.xml:17:17-82
194            <meta-data
194-->[com.google.firebase:firebase-installations:18.0.0] AndroidManifest.xml:18:13-20:85
195                android:name="com.google.firebase.components:com.google.firebase.installations.FirebaseInstallationsRegistrar"
195-->[com.google.firebase:firebase-installations:18.0.0] AndroidManifest.xml:19:17-127
196                android:value="com.google.firebase.components.ComponentRegistrar" />
196-->[com.google.firebase:firebase-installations:18.0.0] AndroidManifest.xml:20:17-82
197            <meta-data
197-->[com.google.firebase:firebase-common-ktx:21.0.0] AndroidManifest.xml:12:13-14:85
198                android:name="com.google.firebase.components:com.google.firebase.ktx.FirebaseCommonLegacyRegistrar"
198-->[com.google.firebase:firebase-common-ktx:21.0.0] AndroidManifest.xml:13:17-116
199                android:value="com.google.firebase.components.ComponentRegistrar" />
199-->[com.google.firebase:firebase-common-ktx:21.0.0] AndroidManifest.xml:14:17-82
200            <meta-data
200-->[com.google.firebase:firebase-common:21.0.0] AndroidManifest.xml:35:13-37:85
201                android:name="com.google.firebase.components:com.google.firebase.FirebaseCommonKtxRegistrar"
201-->[com.google.firebase:firebase-common:21.0.0] AndroidManifest.xml:36:17-109
202                android:value="com.google.firebase.components.ComponentRegistrar" />
202-->[com.google.firebase:firebase-common:21.0.0] AndroidManifest.xml:37:17-82
203        </service>
204
205        <property
205-->[com.google.android.gms:play-services-measurement-api:22.0.0] AndroidManifest.xml:30:9-32:61
206            android:name="android.adservices.AD_SERVICES_CONFIG"
206-->[com.google.android.gms:play-services-measurement-api:22.0.0] AndroidManifest.xml:31:13-65
207            android:resource="@xml/ga_ad_services_config" />
207-->[com.google.android.gms:play-services-measurement-api:22.0.0] AndroidManifest.xml:32:13-58
208
209        <provider
209-->[com.google.firebase:firebase-common:21.0.0] AndroidManifest.xml:23:9-28:39
210            android:name="com.google.firebase.provider.FirebaseInitProvider"
210-->[com.google.firebase:firebase-common:21.0.0] AndroidManifest.xml:24:13-77
211            android:authorities="com.bluechip.finance.firebaseinitprovider"
211-->[com.google.firebase:firebase-common:21.0.0] AndroidManifest.xml:25:13-72
212            android:directBootAware="true"
212-->[com.google.firebase:firebase-common:21.0.0] AndroidManifest.xml:26:13-43
213            android:exported="false"
213-->[com.google.firebase:firebase-common:21.0.0] AndroidManifest.xml:27:13-37
214            android:initOrder="100" />
214-->[com.google.firebase:firebase-common:21.0.0] AndroidManifest.xml:28:13-36
215
216        <activity
216-->[com.google.android.gms:play-services-base:18.3.0] AndroidManifest.xml:20:9-22:45
217            android:name="com.google.android.gms.common.api.GoogleApiActivity"
217-->[com.google.android.gms:play-services-base:18.3.0] AndroidManifest.xml:20:19-85
218            android:exported="false"
218-->[com.google.android.gms:play-services-base:18.3.0] AndroidManifest.xml:22:19-43
219            android:theme="@android:style/Theme.Translucent.NoTitleBar" />
219-->[com.google.android.gms:play-services-base:18.3.0] AndroidManifest.xml:21:19-78
220
221        <service
221-->[androidx.work:work-runtime:2.9.0] AndroidManifest.xml:39:9-45:35
222            android:name="androidx.work.impl.background.systemalarm.SystemAlarmService"
222-->[androidx.work:work-runtime:2.9.0] AndroidManifest.xml:40:13-88
223            android:directBootAware="false"
223-->[androidx.work:work-runtime:2.9.0] AndroidManifest.xml:41:13-44
224            android:enabled="@bool/enable_system_alarm_service_default"
224-->[androidx.work:work-runtime:2.9.0] AndroidManifest.xml:42:13-72
225            android:exported="false" />
225-->[androidx.work:work-runtime:2.9.0] AndroidManifest.xml:43:13-37
226        <service
226-->[androidx.work:work-runtime:2.9.0] AndroidManifest.xml:46:9-52:35
227            android:name="androidx.work.impl.background.systemjob.SystemJobService"
227-->[androidx.work:work-runtime:2.9.0] AndroidManifest.xml:47:13-84
228            android:directBootAware="false"
228-->[androidx.work:work-runtime:2.9.0] AndroidManifest.xml:48:13-44
229            android:enabled="@bool/enable_system_job_service_default"
229-->[androidx.work:work-runtime:2.9.0] AndroidManifest.xml:49:13-70
230            android:exported="true"
230-->[androidx.work:work-runtime:2.9.0] AndroidManifest.xml:50:13-36
231            android:permission="android.permission.BIND_JOB_SERVICE" />
231-->[androidx.work:work-runtime:2.9.0] AndroidManifest.xml:51:13-69
232        <service
232-->[androidx.work:work-runtime:2.9.0] AndroidManifest.xml:53:9-59:35
233            android:name="androidx.work.impl.foreground.SystemForegroundService"
233-->[androidx.work:work-runtime:2.9.0] AndroidManifest.xml:54:13-81
234            android:directBootAware="false"
234-->[androidx.work:work-runtime:2.9.0] AndroidManifest.xml:55:13-44
235            android:enabled="@bool/enable_system_foreground_service_default"
235-->[androidx.work:work-runtime:2.9.0] AndroidManifest.xml:56:13-77
236            android:exported="false" />
236-->[androidx.work:work-runtime:2.9.0] AndroidManifest.xml:57:13-37
237
238        <receiver
238-->[androidx.work:work-runtime:2.9.0] AndroidManifest.xml:61:9-66:35
239            android:name="androidx.work.impl.utils.ForceStopRunnable$BroadcastReceiver"
239-->[androidx.work:work-runtime:2.9.0] AndroidManifest.xml:62:13-88
240            android:directBootAware="false"
240-->[androidx.work:work-runtime:2.9.0] AndroidManifest.xml:63:13-44
241            android:enabled="true"
241-->[androidx.work:work-runtime:2.9.0] AndroidManifest.xml:64:13-35
242            android:exported="false" />
242-->[androidx.work:work-runtime:2.9.0] AndroidManifest.xml:65:13-37
243        <receiver
243-->[androidx.work:work-runtime:2.9.0] AndroidManifest.xml:67:9-77:20
244            android:name="androidx.work.impl.background.systemalarm.ConstraintProxy$BatteryChargingProxy"
244-->[androidx.work:work-runtime:2.9.0] AndroidManifest.xml:68:13-106
245            android:directBootAware="false"
245-->[androidx.work:work-runtime:2.9.0] AndroidManifest.xml:69:13-44
246            android:enabled="false"
246-->[androidx.work:work-runtime:2.9.0] AndroidManifest.xml:70:13-36
247            android:exported="false" >
247-->[androidx.work:work-runtime:2.9.0] AndroidManifest.xml:71:13-37
248            <intent-filter>
248-->[androidx.work:work-runtime:2.9.0] AndroidManifest.xml:73:13-76:29
249                <action android:name="android.intent.action.ACTION_POWER_CONNECTED" />
249-->[androidx.work:work-runtime:2.9.0] AndroidManifest.xml:74:17-87
249-->[androidx.work:work-runtime:2.9.0] AndroidManifest.xml:74:25-84
250                <action android:name="android.intent.action.ACTION_POWER_DISCONNECTED" />
250-->[androidx.work:work-runtime:2.9.0] AndroidManifest.xml:75:17-90
250-->[androidx.work:work-runtime:2.9.0] AndroidManifest.xml:75:25-87
251            </intent-filter>
252        </receiver>
253        <receiver
253-->[androidx.work:work-runtime:2.9.0] AndroidManifest.xml:78:9-88:20
254            android:name="androidx.work.impl.background.systemalarm.ConstraintProxy$BatteryNotLowProxy"
254-->[androidx.work:work-runtime:2.9.0] AndroidManifest.xml:79:13-104
255            android:directBootAware="false"
255-->[androidx.work:work-runtime:2.9.0] AndroidManifest.xml:80:13-44
256            android:enabled="false"
256-->[androidx.work:work-runtime:2.9.0] AndroidManifest.xml:81:13-36
257            android:exported="false" >
257-->[androidx.work:work-runtime:2.9.0] AndroidManifest.xml:82:13-37
258            <intent-filter>
258-->[androidx.work:work-runtime:2.9.0] AndroidManifest.xml:84:13-87:29
259                <action android:name="android.intent.action.BATTERY_OKAY" />
259-->[androidx.work:work-runtime:2.9.0] AndroidManifest.xml:85:17-77